2024-06-03 09:49:02.087 +0000 UTC,**90876**,click,LABEL,,,http://localhost:5003/start_annotate/2/index_annotate/0,144,706,1360,807,
2024-06-03 09:49:02.088 +0000 UTC,**90876**,click,INPUT,score,score5,http://localhost:5003/start_annotate/2/index_annotate/0,144,706,1360,807,
2024-06-03 09:49:02.424 +0000 UTC,**90876**,click,A,,,http://localhost:5003/start_annotate/2/index_annotate/0,130,754,1360,807,
2024-06-03 09:49:02.993 +0000 UTC,**90876**,click,TH,,,http://localhost:5003/start_annotate/2/index_annotate/2,148,712,1360,807,
2024-06-03 09:49:03.841 +0000 UTC,**90876**,click,LABEL,,,http://localhost:5003/start_annotate/2/index_annotate/2,156,707,1360,807,
2024-06-03 09:49:03.841 +0000 UTC,**90876**,click,INPUT,score,score5,http://localhost:5003/start_annotate/2/index_annotate/2,156,707,1360,807,
2024-06-03 09:49:04.184 +0000 UTC,**90876**,click,DIV,,score-bar-id,http://localhost:5003/start_annotate/2/index_annotate/2,142,744,1360,807,
2024-06-03 09:49:04.581 +0000 UTC,**90876**,click,A,,,http://localhost:5003/start_annotate/2/index_annotate/2,113,746,1360,807,
2024-06-03 09:49:05.894 +0000 UTC,**90876**,click,LABEL,,,http://localhost:5003/start_annotate/2/index_annotate/1,146,718,1360,807,
2024-06-03 09:49:05.894 +0000 UTC,**90876**,click,INPUT,score,score5,http://localhost:5003/start_annotate/2/index_annotate/1,146,718,1360,807,
2024-06-03 09:49:06.246 +0000 UTC,**90876**,click,A,,,http://localhost:5003/start_annotate/2/index_annotate/1,128,774,1360,807,
2024-06-03 09:50:26.303 +0000 UTC,**3456**,click,INPUT,shortlist,1,http://localhost:5000/start_ranking/1/index_ranking/0/view,1229,423,1360,807,
2024-06-03 09:50:26.693 +0000 UTC,**3456**,click,INPUT,shortlist,2,http://localhost:5000/start_ranking/1/index_ranking/0/view,1233,508,1360,807,
2024-06-03 09:50:27.14 +0000 UTC,**3456**,click,TD,,,http://localhost:5000/start_ranking/1/index_ranking/0/view,1239,587,1360,807,
2024-06-03 09:50:27.477 +0000 UTC,**3456**,click,INPUT,shortlist,3,http://localhost:5000/start_ranking/1/index_ranking/0/view,1236,596,1360,807,
2024-06-03 09:50:28.494 +0000 UTC,**3456**,click,A,,,http://localhost:5000/start_ranking/1/index_ranking/0/view,1253,761,1360,807,
2024-06-03 09:50:30.229 +0000 UTC,**3456**,click,INPUT,shortlist,10,http://localhost:5000/start_ranking/1/index_ranking/1/view,1230,680,1360,807,
2024-06-03 09:50:30.831 +0000 UTC,**3456**,click,INPUT,shortlist,8,http://localhost:5000/start_ranking/1/index_ranking/1/view,1229,545,1360,807,
2024-06-03 09:50:31.408 +0000 UTC,**3456**,click,INPUT,shortlist,6,http://localhost:5000/start_ranking/1/index_ranking/1/view,1222,405,1360,807,
2024-06-03 09:50:32.004 +0000 UTC,**3456**,click,A,,,http://localhost:5000/start_ranking/1/index_ranking/1/view,1208,757,1360,807,
