2025-04-09 12:31:22.8 +0000 UTC,**13**,click,BUTTON,,,http://localhost:5000/start_ranking/1/index_ranking/1/view,1320,363,1536,695,
2025-04-09 12:31:37.021 +0000 UTC,**13**,click,BUTTON,,,http://localhost:5000/start_ranking/1/index_ranking/1/view,1332,201,1536,695,
2025-04-09 12:31:37.542 +0000 UTC,**13**,click,BUTTON,,,http://localhost:5000/start_ranking/1/index_ranking/1/view,1332,200,1536,695,
2025-04-09 12:31:38.91 +0000 UTC,**13**,click,BUTTON,,,http://localhost:5000/start_ranking/1/index_ranking/1/view,1335,199,1536,695,
2025-04-09 12:31:39.368 +0000 UTC,**13**,click,BUTTON,,,http://localhost:5000/start_ranking/1/index_ranking/1/view,1335,199,1536,695,
2025-04-09 12:38:32.189 +0000 UTC,**13**,click,TD,,,http://localhost:5000/start_ranking/1/index_ranking/1/view,420,367,1536,695,
2025-04-09 12:38:38.38 +0000 UTC,**13**,click,BUTTON,,,http://localhost:5000/start_ranking/1/index_ranking/1/view,1344,494,1536,695,
2025-04-09 12:38:43.923 +0000 UTC,**13**,click,DIV,,,http://localhost:5000/start_ranking/1/index_ranking/1/view,896,114,1536,695,
2025-04-09 12:59:44.253 +0000 UTC,**13**,click,BUTTON,,,http://localhost:5000/start_ranking/1/index_ranking/1/view,1366,369,1536,695,
2025-04-09 12:59:51.416 +0000 UTC,**13**,click,BUTTON,,,http://localhost:5000/start_ranking/1/index_ranking/1/view,1326,347,1536,695,
2025-04-09 13:24:07.108 +0000 UTC,**13**,click,H4,,,http://localhost:5000/start_ranking/1/index_ranking/1/view,172,321,1536,695,
2025-04-09 14:34:06.772 +0000 UTC,**13**,click,BUTTON,,,http://localhost:5000/start_ranking/1/index_ranking/1/view,1345,475,1536,695,
2025-04-15 09:58:58.522 +0000 UTC,**13**,click,BUTTON,,,http://localhost:5000/start_ranking/1/index_ranking/0/view,1318,215,1536,695,
2025-04-15 09:59:09.274 +0000 UTC,**13**,click,BUTTON,,,http://localhost:5000/start_ranking/1/index_ranking/0/view,1396,291,1536,695,
2025-04-15 09:59:10.675 +0000 UTC,**13**,click,BUTTON,,,http://localhost:5000/start_ranking/1/index_ranking/0/view,1359,283,1536,695,
2025-04-15 09:59:10.886 +0000 UTC,**13**,click,BUTTON,,,http://localhost:5000/start_ranking/1/index_ranking/0/view,1359,283,1536,695,
2025-04-15 10:09:37.842 +0000 UTC,**13**,click,BUTTON,,,http://localhost:5000/start_ranking/1/index_ranking/0/view,1348,143,1536,695,
2025-04-15 10:10:29.095 +0000 UTC,**19**,click,BUTTON,,,http://localhost:5000/start_ranking/1/index_ranking/0/view,1325,184,1536,695,
2025-04-15 10:10:32.745 +0000 UTC,**19**,click,BUTTON,,,http://localhost:5000/start_ranking/1/index_ranking/0/view,1338,427,1536,695,
2025-04-15 10:10:33.33 +0000 UTC,**19**,click,TD,,,http://localhost:5000/start_ranking/1/index_ranking/0/view,1296,416,1536,695,
2025-04-15 10:10:33.915 +0000 UTC,**19**,click,BUTTON,,,http://localhost:5000/start_ranking/1/index_ranking/0/view,1370,442,1536,695,
2025-04-15 10:11:17.057 +0000 UTC,**19**,click,BUTTON,,,http://localhost:5000/start_ranking/1/index_ranking/1/view,1338,349,1536,695,
2025-04-15 10:12:52.482 +0000 UTC,**20**,click,BUTTON,,,http://localhost:5000/start_ranking/1/index_ranking/1/view,1319,448,1536,695,
2025-04-15 10:13:16.469 +0000 UTC,**20**,click,BUTTON,,,http://localhost:5000/start_ranking/1/index_ranking/0/view,1360,240,1536,695,
2025-04-15 10:14:07.454 +0000 UTC,**21**,click,BUTTON,,,http://localhost:5000/start_ranking/1/index_ranking/1/view,1327,543,1536,695,
2025-04-15 10:14:12.361 +0000 UTC,**21**,click,BUTTON,,,http://localhost:5000/start_ranking/1/index_ranking/1/view,1356,326,1536,695,
2025-04-15 11:27:09.026 +0000 UTC,**21**,click,BUTTON,,,http://localhost:5000/start_ranking/1/index_ranking/0/view,1314,411,1536,695,
2025-04-15 11:27:11.293 +0000 UTC,**21**,click,BUTTON,,,http://localhost:5000/start_ranking/1/index_ranking/0/view,1408,308,1536,695,
2025-04-15 11:27:51.096 +0000 UTC,**31**,click,BUTTON,,,http://localhost:5000/start_ranking/1/index_ranking/0/view,1312,431,1536,695,
2025-04-15 11:27:56.419 +0000 UTC,**31**,click,IMG,,,http://localhost:5000/start_ranking/1/index_ranking/0/view,84,199,1536,695,
2025-04-15 11:28:06.991 +0000 UTC,**31**,click,P,,,http://localhost:5000/start_ranking/1/index_ranking/0/view,457,439,1536,695,
2025-04-15 11:28:07.308 +0000 UTC,**31**,click,P,,,http://localhost:5000/start_ranking/1/index_ranking/0/view,457,439,1536,695,
2025-04-15 11:29:41.854 +0000 UTC,**31**,click,BUTTON,,,http://localhost:5000/start_ranking/1/index_ranking/0/view,1339,592,1536,695,
2025-04-15 11:34:16.352 +0000 UTC,**32**,click,TD,,,http://localhost:5000/start_ranking/1/index_ranking/1/view,1305,479,1536,695,
2025-04-15 11:34:16.929 +0000 UTC,**32**,click,BUTTON,,,http://localhost:5000/start_ranking/1/index_ranking/1/view,1332,469,1536,695,
2025-04-15 17:44:58.826 +0000 UTC,**22**,click,BUTTON,,,http://localhost:5000/start_ranking/1/index_ranking/0/view,1336,379,1536,695,
2025-04-15 17:58:15.364 +0000 UTC,**23**,click,BUTTON,,,http://localhost:5000/start_ranking/1/index_ranking/0/view,1324,295,1536,695,
2025-04-15 17:58:17.157 +0000 UTC,**23**,click,BUTTON,,,http://localhost:5000/start_ranking/1/index_ranking/0/view,1321,291,1536,695,
2025-04-15 17:58:18.121 +0000 UTC,**23**,click,BUTTON,,,http://localhost:5000/start_ranking/1/index_ranking/0/view,1321,291,1536,695,
2025-04-15 18:06:29.044 +0000 UTC,**24**,click,BUTTON,,,http://localhost:5000/start_ranking/1/index_ranking/0/view,1336,323,1536,695,
2025-04-15 18:06:30.363 +0000 UTC,**24**,click,BUTTON,,,http://localhost:5000/start_ranking/1/index_ranking/0/view,1336,322,1536,695,
2025-04-15 18:06:31.027 +0000 UTC,**24**,click,BUTTON,,,http://localhost:5000/start_ranking/1/index_ranking/0/view,1336,322,1536,695,
2025-04-15 18:06:32.409 +0000 UTC,**24**,click,BUTTON,,,http://localhost:5000/start_ranking/1/index_ranking/0/view,1340,342,1536,695,
2025-04-15 18:06:33.349 +0000 UTC,**24**,click,BUTTON,,,http://localhost:5000/start_ranking/1/index_ranking/0/view,1352,406,1536,695,
2025-04-15 18:06:34.407 +0000 UTC,**24**,click,TD,,,http://localhost:5000/start_ranking/1/index_ranking/0/view,1352,406,1536,695,
2025-04-15 18:06:35.007 +0000 UTC,**24**,click,BUTTON,,,http://localhost:5000/start_ranking/1/index_ranking/0/view,1354,421,1536,695,
2025-04-15 18:06:37.253 +0000 UTC,**24**,click,BUTTON,,,http://localhost:5000/start_ranking/1/index_ranking/0/view,1337,394,1536,695,
2025-04-15 18:06:41.697 +0000 UTC,**24**,click,BUTTON,,,http://localhost:5000/start_ranking/1/index_ranking/0/view,1336,394,1536,695,
2025-04-15 18:14:03.988 +0000 UTC,**24**,click,BUTTON,,,http://localhost:5000/start_ranking/1/index_ranking/1/view,1320,415,1536,695,
2025-04-15 18:20:03.51 +0000 UTC,**25**,click,BUTTON,,,http://localhost:5000/start_ranking/1/index_ranking/1/view,1320,243,1536,695,
2025-04-15 18:20:58.968 +0000 UTC,**25**,click,BUTTON,,,http://localhost:5000/start_ranking/1/index_ranking/1/view,1357,116,1536,695,
2025-04-15 18:25:18.924 +0000 UTC,**25**,click,BUTTON,,,http://localhost:5000/start_ranking/1/index_ranking/1/view,1368,258,1536,695,
2025-04-15 18:26:26.623 +0000 UTC,**25**,click,BUTTON,,,http://localhost:5000/start_ranking/1/index_ranking/1/view,1315,219,1536,695,
2025-04-15 18:29:02.583 +0000 UTC,**25**,click,BUTTON,,,http://localhost:5000/start_ranking/1/index_ranking/1/view,1328,192,1536,695,
2025-04-15 18:29:09.072 +0000 UTC,**25**,click,BUTTON,,,http://localhost:5000/start_ranking/1/index_ranking/1/view,1328,192,1536,695,
2025-04-15 18:29:27.52 +0000 UTC,**25**,click,BUTTON,,,http://localhost:5000/start_ranking/1/index_ranking/1/view,1312,211,1536,695,
2025-04-15 18:29:46.469 +0000 UTC,**25**,click,BUTTON,,,http://localhost:5000/start_ranking/1/index_ranking/1/view,1340,200,1536,695,
2025-04-15 18:29:56.568 +0000 UTC,**25**,click,BUTTON,,,http://localhost:5000/start_ranking/1/index_ranking/1/view,1340,197,1536,695,
2025-04-15 18:29:57.436 +0000 UTC,**25**,click,BUTTON,,,http://localhost:5000/start_ranking/1/index_ranking/1/view,1342,202,1536,695,
2025-04-15 18:30:25.525 +0000 UTC,**25**,click,BUTTON,,,http://localhost:5000/start_ranking/1/index_ranking/1/view,1332,202,1536,695,
2025-04-15 18:30:33.385 +0000 UTC,**25**,click,BUTTON,,,http://localhost:5000/start_ranking/1/index_ranking/1/view,1336,199,1536,695,
2025-04-15 18:30:33.978 +0000 UTC,**25**,click,BUTTON,,,http://localhost:5000/start_ranking/1/index_ranking/1/view,1336,199,1536,695,
2025-04-15 18:30:39.535 +0000 UTC,**25**,click,BUTTON,,,http://localhost:5000/start_ranking/1/index_ranking/1/view,1336,199,1536,695,
2025-04-15 18:30:40.149 +0000 UTC,**25**,click,BUTTON,,,http://localhost:5000/start_ranking/1/index_ranking/1/view,1336,199,1536,695,
2025-04-15 18:30:50.858 +0000 UTC,**25**,click,BUTTON,,,http://localhost:5000/start_ranking/1/index_ranking/1/view,1336,200,1536,695,
2025-04-15 18:30:51.568 +0000 UTC,**25**,click,BUTTON,,,http://localhost:5000/start_ranking/1/index_ranking/1/view,1336,200,1536,695,
2025-04-15 18:30:54.016 +0000 UTC,**25**,click,BUTTON,,,http://localhost:5000/start_ranking/1/index_ranking/1/view,1336,200,1536,695,
2025-04-15 18:30:54.544 +0000 UTC,**25**,click,BUTTON,,,http://localhost:5000/start_ranking/1/index_ranking/1/view,1336,200,1536,695,
2025-04-15 18:31:13.417 +0000 UTC,**25**,click,BUTTON,,,http://localhost:5000/start_ranking/1/index_ranking/1/view,1348,200,1536,695,
2025-04-15 18:32:34.481 +0000 UTC,**25**,click,TD,,,http://localhost:5000/start_ranking/1/index_ranking/1/view,1307,220,1536,695,
2025-04-15 18:32:35.102 +0000 UTC,**25**,click,BUTTON,,,http://localhost:5000/start_ranking/1/index_ranking/1/view,1320,225,1536,695,
2025-04-15 18:32:40.454 +0000 UTC,**25**,click,TD,,,http://localhost:5000/start_ranking/1/index_ranking/1/view,1380,224,1536,695,
2025-04-15 18:32:40.892 +0000 UTC,**25**,click,BUTTON,,,http://localhost:5000/start_ranking/1/index_ranking/1/view,1353,224,1536,695,
2025-04-15 18:32:42.685 +0000 UTC,**25**,click,BUTTON,,,http://localhost:5000/start_ranking/1/index_ranking/1/view,1353,224,1536,695,
2025-04-15 18:33:25.526 +0000 UTC,**25**,click,BUTTON,,,http://localhost:5000/start_ranking/1/index_ranking/0/view,1352,353,1536,695,
2025-04-15 18:33:27.271 +0000 UTC,**25**,click,BUTTON,,,http://localhost:5000/start_ranking/1/index_ranking/0/view,1397,333,1536,695,
2025-04-16 11:18:53.761 +0000 UTC,**26**,click,BUTTON,,,http://localhost:5000/start_ranking/1/index_ranking/0/view,1344,181,1536,695,
2025-04-16 11:19:29.631 +0000 UTC,**26**,click,BUTTON,,,http://localhost:5000/start_ranking/1/index_ranking/1/view,1327,657,1536,695,
2025-04-16 14:51:56.239 +0000 UTC,**26**,click,BUTTON,,,http://localhost:5000/start_ranking/1/index_ranking/1/view,1363,228,1536,695,
2025-04-16 14:52:26.594 +0000 UTC,**27**,click,BUTTON,,,http://localhost:5000/start_ranking/1/index_ranking/0/view,1340,311,1536,695,
2025-04-16 14:53:59.104 +0000 UTC,**27**,click,BUTTON,,,http://localhost:5000/start_ranking/1/index_ranking/1/view,1356,360,1536,695,
2025-04-16 14:54:25.642 +0000 UTC,**27**,click,BUTTON,,,http://localhost:5000/start_ranking/1/index_ranking/1/view,1340,174,1536,695,
2025-04-16 14:54:30.626 +0000 UTC,**27**,click,BUTTON,,,http://localhost:5000/start_ranking/1/index_ranking/1/view,1076,427,1536,695,
2025-04-16 14:57:27.663 +0000 UTC,**27**,click,BUTTON,,,http://localhost:5000/start_ranking/1/index_ranking/1/view,1347,88,1536,695,
2025-04-16 14:57:34.576 +0000 UTC,**27**,click,BUTTON,,,http://localhost:5000/start_ranking/1/index_ranking/1/view,1331,187,1536,695,
2025-04-16 14:57:35.12 +0000 UTC,**27**,click,BUTTON,,,http://localhost:5000/start_ranking/1/index_ranking/1/view,1331,187,1536,695,
2025-04-16 14:57:36 +0000 UTC,**27**,click,TD,,,http://localhost:5000/start_ranking/1/index_ranking/1/view,689,327,1536,695,
2025-04-16 14:57:36.689 +0000 UTC,**27**,click,TR,,expandable-row-1,http://localhost:5000/start_ranking/1/index_ranking/1/view,513,365,1536,695,
2025-04-16 14:57:36.976 +0000 UTC,**27**,click,DIV,,,http://localhost:5000/start_ranking/1/index_ranking/1/view,524,361,1536,695,
2025-04-16 14:57:37.529 +0000 UTC,**27**,click,TD,,,http://localhost:5000/start_ranking/1/index_ranking/1/view,592,299,1536,695,
2025-04-16 14:57:38.344 +0000 UTC,**27**,click,TD,,,http://localhost:5000/start_ranking/1/index_ranking/1/view,824,277,1536,695,
2025-04-16 14:58:21.5 +0000 UTC,**27**,click,BUTTON,,,http://localhost:5000/start_ranking/1/index_ranking/1/view,1337,191,1536,695,
2025-04-16 14:58:22.806 +0000 UTC,**27**,click,BUTTON,,,http://localhost:5000/start_ranking/1/index_ranking/1/view,1024,437,1536,695,
2025-04-16 14:58:23.013 +0000 UTC,**27**,click,BUTTON,,,http://localhost:5000/start_ranking/1/index_ranking/1/view,1014,448,1536,695,
2025-04-16 14:58:23.173 +0000 UTC,**27**,click,BUTTON,,,http://localhost:5000/start_ranking/1/index_ranking/1/view,1012,448,1536,695,
2025-04-16 14:58:23.357 +0000 UTC,**27**,click,BUTTON,,,http://localhost:5000/start_ranking/1/index_ranking/1/view,1011,446,1536,695,
2025-04-16 15:02:20.943 +0000 UTC,**27**,click,BUTTON,,,http://localhost:5000/start_ranking/1/index_ranking/1/view,1317,87,1536,695,
2025-04-16 15:03:35.452 +0000 UTC,**27**,click,BUTTON,,,http://localhost:5000/start_ranking/1/index_ranking/1/view,1332,85,1536,695,
2025-04-16 15:03:36.931 +0000 UTC,**27**,click,BUTTON,,,http://localhost:5000/start_ranking/1/index_ranking/1/view,1024,348,1536,695,
2025-04-16 15:03:37.219 +0000 UTC,**27**,click,TD,,,http://localhost:5000/start_ranking/1/index_ranking/1/view,1024,347,1536,695,
2025-04-16 15:03:38.259 +0000 UTC,**27**,click,BUTTON,,,http://localhost:5000/start_ranking/1/index_ranking/1/view,1355,90,1536,695,
2025-04-16 15:03:40.667 +0000 UTC,**27**,click,BUTTON,,,http://localhost:5000/start_ranking/1/index_ranking/1/view,1052,340,1536,695,
2025-04-16 15:03:43.1 +0000 UTC,**27**,click,BUTTON,,,http://localhost:5000/start_ranking/1/index_ranking/1/view,1341,91,1536,695,
2025-04-16 15:03:56.037 +0000 UTC,**27**,click,BUTTON,,,http://localhost:5000/start_ranking/1/index_ranking/1/view,1053,335,1536,695,
2025-04-16 15:04:02.237 +0000 UTC,**27**,click,BUTTON,,,http://localhost:5000/start_ranking/1/index_ranking/1/view,1351,96,1536,695,
2025-04-16 15:04:05.83 +0000 UTC,**27**,click,BUTTON,,,http://localhost:5000/start_ranking/1/index_ranking/1/view,1054,343,1536,695,
2025-04-16 15:08:35.827 +0000 UTC,**27**,click,BUTTON,,,http://localhost:5000/start_ranking/1/index_ranking/1/view,1323,90,1536,695,
2025-04-16 15:08:37.218 +0000 UTC,**27**,click,BUTTON,,,http://localhost:5000/start_ranking/1/index_ranking/1/view,1050,334,1536,695,
2025-04-16 15:08:40.034 +0000 UTC,**27**,click,BUTTON,,,http://localhost:5000/start_ranking/1/index_ranking/1/view,1357,89,1536,695,
2025-04-16 15:11:15.41 +0000 UTC,**27**,click,BUTTON,,,http://localhost:5000/start_ranking/1/index_ranking/1/view,1014,340,1536,695,
2025-04-16 15:11:19.722 +0000 UTC,**27**,click,BUTTON,,,http://localhost:5000/start_ranking/1/index_ranking/1/view,1332,85,1536,695,
2025-04-16 15:11:24.944 +0000 UTC,**27**,click,BUTTON,,,http://localhost:5000/start_ranking/1/index_ranking/1/view,984,101,1536,695,
2025-04-16 15:11:26.534 +0000 UTC,**27**,click,BUTTON,,,http://localhost:5000/start_ranking/1/index_ranking/1/view,1347,177,1536,695,
2025-04-16 15:11:27.827 +0000 UTC,**27**,click,BUTTON,,,http://localhost:5000/start_ranking/1/index_ranking/1/view,987,191,1536,695,
2025-04-16 15:11:43.728 +0000 UTC,**27**,click,BUTTON,,,http://localhost:5000/start_ranking/1/index_ranking/1/view,1332,99,1536,695,
2025-04-16 15:11:47.326 +0000 UTC,**27**,click,BUTTON,,,http://localhost:5000/start_ranking/1/index_ranking/1/view,1036,338,1536,695,
2025-04-16 15:11:49.241 +0000 UTC,**27**,click,BUTTON,,,http://localhost:5000/start_ranking/1/index_ranking/1/view,1343,87,1536,695,
2025-04-16 15:11:56.296 +0000 UTC,**27**,click,BUTTON,,,http://localhost:5000/start_ranking/1/index_ranking/1/view,1029,341,1536,695,
2025-04-16 15:11:58.03 +0000 UTC,**27**,click,BUTTON,,,http://localhost:5000/start_ranking/1/index_ranking/1/view,1356,78,1536,695,
2025-04-16 15:18:32.464 +0000 UTC,**27**,click,TD,,,http://localhost:5000/start_ranking/1/index_ranking/1/view,1019,229,1536,695,
2025-04-16 15:18:33.065 +0000 UTC,**27**,click,BUTTON,,,http://localhost:5000/start_ranking/1/index_ranking/1/view,1022,236,1536,695,
2025-04-16 15:18:34.776 +0000 UTC,**27**,click,BUTTON,,,http://localhost:5000/start_ranking/1/index_ranking/1/view,1349,187,1536,695,
2025-04-16 15:29:41.339 +0000 UTC,**27**,click,BUTTON,,,http://localhost:5000/start_ranking/1/index_ranking/1/view,1330,190,1536,695,
2025-04-16 15:29:42.978 +0000 UTC,**27**,click,BUTTON,,,http://localhost:5000/start_ranking/1/index_ranking/1/view,1067,451,1536,695,
2025-04-16 15:30:14.702 +0000 UTC,**27**,click,BUTTON,,,http://localhost:5000/start_ranking/1/index_ranking/1/view,1332,202,1536,695,
2025-04-16 15:30:18.206 +0000 UTC,**27**,click,BUTTON,,,http://localhost:5000/start_ranking/1/index_ranking/1/view,1343,183,1536,695,
2025-04-16 15:30:19.597 +0000 UTC,**27**,click,BUTTON,,,http://localhost:5000/start_ranking/1/index_ranking/1/view,1086,446,1536,695,
2025-04-16 15:30:36.695 +0000 UTC,**27**,click,BUTTON,,,http://localhost:5000/start_ranking/1/index_ranking/1/view,1349,183,1536,695,
2025-04-16 15:30:40.983 +0000 UTC,**27**,click,BUTTON,,,http://localhost:5000/start_ranking/1/index_ranking/1/view,1098,289,1536,695,
2025-04-16 15:30:42.792 +0000 UTC,**27**,click,BUTTON,,,http://localhost:5000/start_ranking/1/index_ranking/1/view,1364,289,1536,695,
2025-04-16 15:31:31.963 +0000 UTC,**27**,click,BUTTON,,,http://localhost:5000/start_ranking/1/index_ranking/1/view,1349,179,1536,695,
2025-04-16 15:31:34.635 +0000 UTC,**27**,click,BUTTON,,,http://localhost:5000/start_ranking/1/index_ranking/1/view,1062,443,1536,695,
2025-04-16 15:45:16.105 +0000 UTC,**27**,click,BUTTON,,,http://localhost:5000/start_ranking/1/index_ranking/1/view,1324,196,1536,695,
2025-04-16 15:45:18.048 +0000 UTC,**27**,click,BUTTON,,,http://localhost:5000/start_ranking/1/index_ranking/1/view,1049,447,1536,695,
2025-04-16 15:45:19.096 +0000 UTC,**27**,click,BUTTON,,,http://localhost:5000/start_ranking/1/index_ranking/1/view,1027,446,1536,695,
2025-04-16 15:45:19.641 +0000 UTC,**27**,click,BUTTON,,,http://localhost:5000/start_ranking/1/index_ranking/1/view,1027,446,1536,695,
2025-04-16 15:45:19.897 +0000 UTC,**27**,click,BUTTON,,,http://localhost:5000/start_ranking/1/index_ranking/1/view,1031,437,1536,695,
2025-04-16 15:45:20.833 +0000 UTC,**27**,click,BUTTON,,,http://localhost:5000/start_ranking/1/index_ranking/1/view,1040,445,1536,695,
2025-04-16 15:45:21.034 +0000 UTC,**27**,click,BUTTON,,,http://localhost:5000/start_ranking/1/index_ranking/1/view,1040,442,1536,695,
2025-04-16 15:45:21.657 +0000 UTC,**27**,click,BUTTON,,,http://localhost:5000/start_ranking/1/index_ranking/1/view,961,199,1536,695,
2025-04-16 15:45:22.665 +0000 UTC,**27**,click,BUTTON,,,http://localhost:5000/start_ranking/1/index_ranking/1/view,1336,184,1536,695,
2025-04-16 15:45:23.505 +0000 UTC,**27**,click,BUTTON,,,http://localhost:5000/start_ranking/1/index_ranking/1/view,1056,447,1536,695,
2025-04-16 15:45:23.713 +0000 UTC,**27**,click,BUTTON,,,http://localhost:5000/start_ranking/1/index_ranking/1/view,1056,447,1536,695,
2025-04-16 15:45:23.937 +0000 UTC,**27**,click,BUTTON,,,http://localhost:5000/start_ranking/1/index_ranking/1/view,1056,445,1536,695,
2025-04-16 15:45:48.243 +0000 UTC,**27**,click,BUTTON,,,http://localhost:5000/start_ranking/1/index_ranking/1/view,1361,189,1536,695,
2025-04-16 15:45:49.467 +0000 UTC,**27**,click,BUTTON,,,http://localhost:5000/start_ranking/1/index_ranking/1/view,1017,438,1536,695,
2025-04-16 15:46:09.421 +0000 UTC,**27**,click,TD,,,http://localhost:5000/start_ranking/1/index_ranking/1/view,1304,195,1536,695,
2025-04-16 15:46:09.757 +0000 UTC,**27**,click,BUTTON,,,http://localhost:5000/start_ranking/1/index_ranking/1/view,1318,188,1536,695,
2025-04-16 15:46:11.053 +0000 UTC,**27**,click,BUTTON,,,http://localhost:5000/start_ranking/1/index_ranking/1/view,1012,454,1536,695,
2025-04-16 15:46:12.549 +0000 UTC,**27**,click,BUTTON,,,http://localhost:5000/start_ranking/1/index_ranking/1/view,1342,194,1536,695,
2025-04-16 15:46:13.613 +0000 UTC,**27**,click,BUTTON,,,http://localhost:5000/start_ranking/1/index_ranking/1/view,1079,451,1536,695,
2025-04-22 08:57:11.253 +0000 UTC,**28**,click,BUTTON,,,http://localhost:5000/start_ranking/1/index_ranking/1/view,1340,348,1536,695,
2025-04-22 08:57:12.778 +0000 UTC,**28**,click,BUTTON,,,http://localhost:5000/start_ranking/1/index_ranking/1/view,1053,454,1536,695,
2025-04-22 08:57:13.98 +0000 UTC,**28**,click,BUTTON,,,http://localhost:5000/start_ranking/1/index_ranking/1/view,1360,191,1536,695,
2025-04-22 08:57:15.2 +0000 UTC,**28**,click,BUTTON,,,http://localhost:5000/start_ranking/1/index_ranking/1/view,1066,455,1536,695,
2025-04-22 08:57:46.039 +0000 UTC,**28**,click,BUTTON,,,http://localhost:5000/start_ranking/1/index_ranking/1/view,1350,190,1536,695,
2025-04-22 08:57:48.167 +0000 UTC,**28**,click,BUTTON,,,http://localhost:5000/start_ranking/1/index_ranking/1/view,539,315,1536,695,
2025-04-22 08:57:48.842 +0000 UTC,**28**,click,BUTTON,,,http://localhost:5000/start_ranking/1/index_ranking/1/view,546,311,1536,695,
2025-04-22 08:57:51.673 +0000 UTC,**28**,click,BUTTON,,,http://localhost:5000/start_ranking/1/index_ranking/1/view,576,272,1536,695,
2025-04-22 08:57:53.724 +0000 UTC,**28**,click,BUTTON,,,http://localhost:5000/start_ranking/1/index_ranking/1/view,558,283,1536,695,
2025-04-22 08:57:53.95 +0000 UTC,**28**,click,BUTTON,,,http://localhost:5000/start_ranking/1/index_ranking/1/view,558,283,1536,695,
2025-04-22 08:57:54.168 +0000 UTC,**28**,click,BUTTON,,,http://localhost:5000/start_ranking/1/index_ranking/1/view,558,283,1536,695,
2025-04-22 08:59:03.101 +0000 UTC,**28**,click,BUTTON,,,http://localhost:5000/start_ranking/1/index_ranking/1/view,542,295,1536,695,
2025-04-22 09:00:46.425 +0000 UTC,**28**,click,BUTTON,,,http://localhost:5000/start_ranking/1/index_ranking/1/view,1331,204,1536,695,
2025-04-22 09:00:47.892 +0000 UTC,**28**,click,IMG,,,http://localhost:5000/start_ranking/1/index_ranking/1/view,821,403,1536,695,
2025-04-22 09:00:48.638 +0000 UTC,**28**,click,BUTTON,,,http://localhost:5000/start_ranking/1/index_ranking/1/view,448,280,1536,695,
2025-04-22 09:00:49.252 +0000 UTC,**28**,click,BUTTON,,,http://localhost:5000/start_ranking/1/index_ranking/1/view,448,278,1536,695,
2025-04-22 09:00:49.653 +0000 UTC,**28**,click,BUTTON,,,http://localhost:5000/start_ranking/1/index_ranking/1/view,448,278,1536,695,
2025-04-22 09:00:50.475 +0000 UTC,**28**,click,TD,,,http://localhost:5000/start_ranking/1/index_ranking/1/view,527,280,1536,695,
2025-04-22 09:00:56.51 +0000 UTC,**28**,click,BUTTON,,,http://localhost:5000/start_ranking/1/index_ranking/1/view,414,277,1536,695,
2025-04-22 09:00:56.791 +0000 UTC,**28**,click,BUTTON,,,http://localhost:5000/start_ranking/1/index_ranking/1/view,414,277,1536,695,
2025-04-22 09:07:19.968 +0000 UTC,**28**,click,BUTTON,,,http://localhost:5000/start_ranking/1/index_ranking/1/view,1361,184,1536,695,
2025-04-22 09:07:21.836 +0000 UTC,**28**,click,BUTTON,,,http://localhost:5000/start_ranking/1/index_ranking/1/view,484,261,1536,695,
2025-04-22 09:08:09.958 +0000 UTC,**29**,click,BUTTON,,,http://localhost:5000/start_ranking/1/index_ranking/1/view,1333,546,1536,695,
2025-04-22 09:08:11.914 +0000 UTC,**29**,click,BUTTON,,,http://localhost:5000/start_ranking/1/index_ranking/1/view,504,275,1536,695,
2025-04-22 09:08:12.336 +0000 UTC,**29**,click,BUTTON,,,http://localhost:5000/start_ranking/1/index_ranking/1/view,506,274,1536,695,
2025-04-22 09:10:20.555 +0000 UTC,**29**,click,BUTTON,,,http://localhost:5000/start_ranking/1/index_ranking/1/view,1327,154,1536,695,
2025-04-22 09:10:22.215 +0000 UTC,**29**,click,BUTTON,,,http://localhost:5000/start_ranking/1/index_ranking/1/view,445,242,1536,695,
2025-04-22 09:12:08.964 +0000 UTC,**29**,click,BUTTON,,,http://localhost:5000/start_ranking/1/index_ranking/1/view,1320,149,1536,695,
2025-04-22 09:12:13.964 +0000 UTC,**29**,click,BUTTON,,,http://localhost:5000/start_ranking/1/index_ranking/1/view,562,236,1536,695,
2025-04-22 09:15:55.405 +0000 UTC,**29**,click,BUTTON,,,http://localhost:5000/start_ranking/1/index_ranking/1/view,1322,161,1536,695,
2025-04-22 09:16:14.832 +0000 UTC,**29**,click,BUTTON,,,http://localhost:5000/start_ranking/1/index_ranking/1/view,1348,160,1536,695,
2025-04-22 09:19:45.186 +0000 UTC,**29**,click,BUTTON,,,http://localhost:5000/start_ranking/1/index_ranking/1/view,1087,132,1536,695,
2025-04-22 09:19:46.256 +0000 UTC,**29**,click,BUTTON,,,http://localhost:5000/start_ranking/1/index_ranking/1/view,1317,137,1536,695,
2025-04-22 09:21:10.39 +0000 UTC,**29**,click,BUTTON,,,http://localhost:5000/start_ranking/1/index_ranking/1/view,1361,119,1536,695,
2025-04-22 09:21:11.94 +0000 UTC,**29**,click,BUTTON,,,http://localhost:5000/start_ranking/1/index_ranking/1/view,1032,366,1536,695,
2025-04-22 09:21:12.946 +0000 UTC,**29**,click,BUTTON,,,http://localhost:5000/start_ranking/1/index_ranking/1/view,1357,120,1536,695,
2025-04-22 09:22:47.777 +0000 UTC,**29**,click,BUTTON,,,http://localhost:5000/start_ranking/1/index_ranking/1/view,1343,118,1536,695,
2025-04-22 09:22:49.936 +0000 UTC,**29**,click,BUTTON,,,http://localhost:5000/start_ranking/1/index_ranking/1/view,1034,336,1536,695,
2025-04-22 09:22:51.655 +0000 UTC,**29**,click,BUTTON,,,http://localhost:5000/start_ranking/1/index_ranking/1/view,1324,82,1536,695,
2025-04-22 09:24:56.771 +0000 UTC,**29**,click,BUTTON,,,http://localhost:5000/start_ranking/1/index_ranking/1/view,1364,80,1536,695,
2025-04-22 09:24:58.956 +0000 UTC,**29**,click,BUTTON,,,http://localhost:5000/start_ranking/1/index_ranking/1/view,491,320,1536,695,
2025-04-22 09:26:43.537 +0000 UTC,**29**,click,BUTTON,,,http://localhost:5000/start_ranking/1/index_ranking/1/view,1356,61,1536,695,
2025-04-22 09:26:45.65 +0000 UTC,**29**,click,BUTTON,,,http://localhost:5000/start_ranking/1/index_ranking/1/view,506,316,1536,695,
2025-04-22 09:27:57.507 +0000 UTC,**29**,click,BUTTON,,,http://localhost:5000/start_ranking/1/index_ranking/1/view,1319,85,1536,695,
2025-04-22 09:28:01.74 +0000 UTC,**29**,click,BUTTON,,,http://localhost:5000/start_ranking/1/index_ranking/1/view,1037,281,1536,695,
2025-04-22 09:28:03.162 +0000 UTC,**29**,click,BUTTON,,,http://localhost:5000/start_ranking/1/index_ranking/1/view,1348,26,1536,695,
2025-04-22 09:29:19.105 +0000 UTC,**29**,click,TD,,,http://localhost:5000/start_ranking/1/index_ranking/1/view,1360,70,1536,695,
2025-04-22 09:29:19.582 +0000 UTC,**29**,click,BUTTON,,,http://localhost:5000/start_ranking/1/index_ranking/1/view,1357,67,1536,695,
2025-04-22 09:29:21.081 +0000 UTC,**29**,click,BUTTON,,,http://localhost:5000/start_ranking/1/index_ranking/1/view,1401,264,1536,695,
2025-04-22 09:29:22.155 +0000 UTC,**29**,click,BUTTON,,,http://localhost:5000/start_ranking/1/index_ranking/1/view,1349,60,1536,695,
2025-04-22 09:29:27.805 +0000 UTC,**29**,click,BUTTON,,,http://localhost:5000/start_ranking/1/index_ranking/1/view,1405,272,1536,695,
2025-04-22 09:29:29.06 +0000 UTC,**29**,click,BUTTON,,,http://localhost:5000/start_ranking/1/index_ranking/1/view,1352,41,1536,695,
2025-04-22 09:29:32.443 +0000 UTC,**29**,click,BUTTON,,,http://localhost:5000/start_ranking/1/index_ranking/1/view,1433,268,1536,695,
2025-04-22 09:29:33.553 +0000 UTC,**29**,click,BUTTON,,,http://localhost:5000/start_ranking/1/index_ranking/1/view,1348,66,1536,695,
2025-04-22 09:29:34.907 +0000 UTC,**29**,click,BUTTON,,,http://localhost:5000/start_ranking/1/index_ranking/1/view,1425,264,1536,695,
2025-04-22 09:29:35.738 +0000 UTC,**29**,click,BUTTON,,,http://localhost:5000/start_ranking/1/index_ranking/1/view,1345,39,1536,695,
2025-04-22 09:29:41.652 +0000 UTC,**29**,click,BUTTON,,,http://localhost:5000/start_ranking/1/index_ranking/1/view,1377,192,1536,695,
2025-04-22 09:29:43.519 +0000 UTC,**29**,click,BUTTON,,,http://localhost:5000/start_ranking/1/index_ranking/1/view,1352,66,1536,695,
2025-04-22 09:30:44.114 +0000 UTC,**29**,click,BUTTON,,,http://localhost:5000/start_ranking/1/index_ranking/1/view,1340,87,1536,695,
2025-04-22 09:34:22.965 +0000 UTC,**29**,click,BUTTON,,,http://localhost:5000/start_ranking/1/index_ranking/1/view,1361,83,1536,695,
2025-04-22 09:36:13.321 +0000 UTC,**29**,click,BUTTON,,,http://localhost:5000/start_ranking/1/index_ranking/1/view,1324,140,1536,695,
2025-04-22 09:37:26.001 +0000 UTC,**29**,click,BUTTON,,,http://localhost:5000/start_ranking/1/index_ranking/1/view,1346,134,1536,695,
2025-04-22 09:37:28.37 +0000 UTC,**29**,click,BUTTON,,,http://localhost:5000/start_ranking/1/index_ranking/1/view,1370,359,1536,695,
2025-04-22 09:38:16.338 +0000 UTC,**29**,click,BUTTON,,,http://localhost:5000/start_ranking/1/index_ranking/1/view,1357,123,1536,695,
2025-04-22 09:41:12.368 +0000 UTC,**29**,click,BUTTON,,,http://localhost:5000/start_ranking/1/index_ranking/1/view,1334,67,1536,695,
2025-04-22 09:43:01.429 +0000 UTC,**29**,click,BUTTON,,,http://localhost:5000/start_ranking/1/index_ranking/1/view,1320,84,1536,695,
2025-04-22 09:43:03.697 +0000 UTC,**29**,click,TD,,,http://localhost:5000/start_ranking/1/index_ranking/1/view,609,304,1536,695,
2025-04-22 09:43:04.107 +0000 UTC,**29**,click,DIV,,,http://localhost:5000/start_ranking/1/index_ranking/1/view,606,303,1536,695,
2025-04-22 09:43:34.597 +0000 UTC,**29**,click,BUTTON,,,http://localhost:5000/start_ranking/1/index_ranking/1/view,1368,89,1536,695,
2025-04-22 09:43:36.509 +0000 UTC,**29**,click,TR,,expandable-row-1,http://localhost:5000/start_ranking/1/index_ranking/1/view,1041,289,1536,695,
2025-04-22 09:43:42.772 +0000 UTC,**29**,click,TR,,expandable-row-1,http://localhost:5000/start_ranking/1/index_ranking/1/view,1063,321,1536,695,
2025-04-22 09:49:12.882 +0000 UTC,**29**,click,BUTTON,,,http://localhost:5000/start_ranking/1/index_ranking/1/view,1332,120,1536,695,
2025-04-22 09:49:19.602 +0000 UTC,**29**,click,BUTTON,,,http://localhost:5000/start_ranking/1/index_ranking/1/view,1332,126,1536,695,
2025-04-22 09:49:20.173 +0000 UTC,**29**,click,BUTTON,,,http://localhost:5000/start_ranking/1/index_ranking/1/view,1332,125,1536,695,
2025-04-22 09:49:22.081 +0000 UTC,**29**,click,TR,,expandable-row-1,http://localhost:5000/start_ranking/1/index_ranking/1/view,493,268,1536,695,
2025-04-22 09:49:22.601 +0000 UTC,**29**,click,DIV,,,http://localhost:5000/start_ranking/1/index_ranking/1/view,512,279,1536,695,
2025-04-22 09:52:48.92 +0000 UTC,**29**,click,TD,,,http://localhost:5000/start_ranking/1/index_ranking/1/view,1377,111,1536,695,
2025-04-22 09:52:49.38 +0000 UTC,**29**,click,BUTTON,,,http://localhost:5000/start_ranking/1/index_ranking/1/view,1362,114,1536,695,
2025-04-22 09:55:06.724 +0000 UTC,**29**,click,BUTTON,,,http://localhost:5000/start_ranking/1/index_ranking/1/view,1358,165,1536,695,
2025-04-22 09:55:09.342 +0000 UTC,**29**,click,BUTTON,,,http://localhost:5000/start_ranking/1/index_ranking/1/view,1330,178,1536,695,
2025-04-22 09:55:10.184 +0000 UTC,**29**,click,BUTTON,,,http://localhost:5000/start_ranking/1/index_ranking/1/view,1330,178,1536,695,
2025-04-22 09:55:11.138 +0000 UTC,**29**,click,BUTTON,,,http://localhost:5000/start_ranking/1/index_ranking/1/view,1330,178,1536,695,
2025-04-22 09:55:11.786 +0000 UTC,**29**,click,BUTTON,,,http://localhost:5000/start_ranking/1/index_ranking/1/view,1330,178,1536,695,
2025-04-22 09:55:31.098 +0000 UTC,**29**,click,BUTTON,,,http://localhost:5000/start_ranking/1/index_ranking/1/view,1314,183,1536,695,
2025-04-22 09:59:51.644 +0000 UTC,**29**,click,BUTTON,,,http://localhost:5000/start_ranking/1/index_ranking/1/view,1343,88,1536,695,
2025-04-22 10:08:02.378 +0000 UTC,**29**,click,BUTTON,,,http://localhost:5000/start_ranking/1/index_ranking/1/view,1334,89,1536,695,
2025-04-22 10:12:04.526 +0000 UTC,**29**,click,P,,,http://localhost:5000/start_ranking/1/index_ranking/1/view,684,258,1536,695,
2025-04-22 10:12:06.196 +0000 UTC,**29**,click,P,,,http://localhost:5000/start_ranking/1/index_ranking/1/view,684,258,1536,695,
2025-04-22 10:13:02.398 +0000 UTC,**29**,click,BUTTON,,,http://localhost:5000/start_ranking/1/index_ranking/1/view,1332,83,1536,695,
2025-04-22 10:13:06.81 +0000 UTC,**29**,click,DIV,,,http://localhost:5000/start_ranking/1/index_ranking/1/view,51,249,1536,695,
2025-04-22 10:14:06.71 +0000 UTC,**29**,click,BUTTON,,,http://localhost:5000/start_ranking/1/index_ranking/1/view,1354,81,1536,695,
2025-04-22 10:15:11.54 +0000 UTC,**29**,click,BUTTON,,,http://localhost:5000/start_ranking/1/index_ranking/1/view,1356,91,1536,695,
2025-04-22 10:15:56.813 +0000 UTC,**29**,click,BUTTON,,,http://localhost:5000/start_ranking/1/index_ranking/1/view,1362,70,1536,695,
2025-04-22 10:15:58.107 +0000 UTC,**29**,click,TD,,,http://localhost:5000/start_ranking/1/index_ranking/1/view,1164,199,1536,695,
2025-04-22 10:17:27.398 +0000 UTC,**29**,click,BUTTON,,,http://localhost:5000/start_ranking/1/index_ranking/1/view,1328,90,1536,695,
2025-04-22 10:17:30.662 +0000 UTC,**29**,click,TR,,expandable-row-1,http://localhost:5000/start_ranking/1/index_ranking/1/view,1194,374,1536,695,
2025-04-22 10:17:31.247 +0000 UTC,**29**,click,DIV,,,http://localhost:5000/start_ranking/1/index_ranking/1/view,1230,259,1536,695,
2025-04-22 10:19:39.666 +0000 UTC,**29**,click,BUTTON,,,http://localhost:5000/start_ranking/1/index_ranking/1/view,1340,96,1536,695,
2025-04-22 10:21:35.165 +0000 UTC,**29**,click,BUTTON,,,http://localhost:5000/start_ranking/1/index_ranking/1/view,1360,79,1536,695,
2025-04-22 10:23:34.216 +0000 UTC,**29**,click,BUTTON,,,http://localhost:5000/start_ranking/1/index_ranking/1/view,1372,83,1536,695,
2025-04-22 10:23:44.109 +0000 UTC,**29**,click,TD,,,http://localhost:5000/start_ranking/1/index_ranking/1/view,666,384,1536,695,
2025-04-22 10:24:14.339 +0000 UTC,**29**,click,TD,,,http://localhost:5000/start_ranking/1/index_ranking/1/view,652,159,1536,695,
2025-04-22 10:24:17.012 +0000 UTC,**29**,click,BUTTON,,,http://localhost:5000/start_ranking/1/index_ranking/1/view,1357,15,1536,695,
2025-04-22 10:26:53.932 +0000 UTC,**29**,click,BUTTON,,,http://localhost:5000/start_ranking/1/index_ranking/1/view,1351,111,1536,695,
2025-04-22 10:29:24.053 +0000 UTC,**29**,click,BUTTON,,,http://localhost:5000/start_ranking/1/index_ranking/1/view,1316,113,1536,695,
2025-04-22 10:29:52.308 +0000 UTC,**29**,click,BUTTON,,,http://localhost:5000/start_ranking/1/index_ranking/1/view,1348,27,1536,695,
2025-04-22 10:30:42.791 +0000 UTC,**29**,click,BUTTON,,,http://localhost:5000/start_ranking/1/index_ranking/1/view,1355,65,1536,695,
2025-04-22 10:33:54.203 +0000 UTC,**29**,click,BUTTON,,,http://localhost:5000/start_ranking/1/index_ranking/1/view,1334,89,1536,695,
2025-04-22 10:33:56.682 +0000 UTC,**29**,click,TD,,,http://localhost:5000/start_ranking/1/index_ranking/1/view,1196,196,1536,695,
2025-04-22 10:36:06.35 +0000 UTC,**29**,click,BUTTON,,,http://localhost:5000/start_ranking/1/index_ranking/1/view,1344,94,1536,695,
2025-04-22 10:37:16.56 +0000 UTC,**29**,click,BUTTON,,,http://localhost:5000/start_ranking/1/index_ranking/1/view,1362,90,1536,695,
2025-04-22 10:37:35.08 +0000 UTC,**29**,click,BUTTON,,,http://localhost:5000/start_ranking/1/index_ranking/1/view,1350,79,1536,695,
2025-04-22 10:39:42.977 +0000 UTC,**29**,click,BUTTON,,,http://localhost:5000/start_ranking/1/index_ranking/1/view,1352,108,1536,695,
2025-04-22 10:41:56.497 +0000 UTC,**29**,click,BUTTON,,,http://localhost:5000/start_ranking/1/index_ranking/1/view,1372,103,1536,695,
2025-04-22 10:42:22.913 +0000 UTC,**29**,click,BUTTON,,,http://localhost:5000/start_ranking/1/index_ranking/1/view,1344,89,1536,695,
2025-04-22 10:44:01.268 +0000 UTC,**29**,click,BUTTON,,,http://localhost:5000/start_ranking/1/index_ranking/1/view,1352,73,1536,695,
2025-04-22 10:44:02.753 +0000 UTC,**29**,click,TD,,,http://localhost:5000/start_ranking/1/index_ranking/1/view,1224,179,1536,695,
2025-04-22 10:44:24.737 +0000 UTC,**29**,click,BUTTON,,,http://localhost:5000/start_ranking/1/index_ranking/1/view,1354,94,1536,695,
2025-04-22 10:45:47.651 +0000 UTC,**29**,click,BUTTON,,,http://localhost:5000/start_ranking/1/index_ranking/1/view,1319,77,1536,695,
2025-04-22 10:47:02.508 +0000 UTC,**29**,click,TD,,,http://localhost:5000/start_ranking/1/index_ranking/1/view,1379,75,1536,695,
2025-04-22 10:47:02.967 +0000 UTC,**29**,click,BUTTON,,,http://localhost:5000/start_ranking/1/index_ranking/1/view,1368,77,1536,695,
2025-04-22 11:06:16.191 +0000 UTC,**29**,click,BUTTON,,,http://localhost:5000/start_ranking/1/index_ranking/1/view,1356,331,1536,695,
2025-04-22 11:07:08.809 +0000 UTC,**29**,click,BUTTON,,,http://localhost:5000/start_ranking/1/index_ranking/1/view,1332,94,1536,695,
2025-04-22 11:15:35.643 +0000 UTC,**29**,click,BUTTON,,,http://localhost:5000/start_ranking/1/index_ranking/1/view,945,107,1536,695,
2025-04-22 11:15:36.945 +0000 UTC,**29**,click,BUTTON,,,http://localhost:5000/start_ranking/1/index_ranking/1/view,1351,94,1536,695,
2025-04-22 11:15:39.958 +0000 UTC,**29**,click,BUTTON,,,http://localhost:5000/start_ranking/1/index_ranking/1/view,1334,91,1536,695,
2025-04-22 11:16:44.014 +0000 UTC,**29**,click,BUTTON,,,http://localhost:5000/start_ranking/1/index_ranking/1/view,1336,83,1536,695,
2025-04-22 11:17:48.257 +0000 UTC,**30**,click,BUTTON,,,http://localhost:5000/start_ranking/1/index_ranking/0/view,1320,339,1536,695,
2025-04-22 11:18:18.16 +0000 UTC,**30**,click,BUTTON,,,http://localhost:5000/start_ranking/1/index_ranking/0/view,1008,538,1536,695,
2025-04-22 11:18:24.042 +0000 UTC,**30**,click,BUTTON,,,http://localhost:5000/start_ranking/1/index_ranking/0/view,992,424,1536,695,
2025-04-22 11:20:27.674 +0000 UTC,**29**,click,BUTTON,,,http://localhost:5000/start_ranking/1/index_ranking/0/view,1323,419,1536,695,
2025-04-22 11:21:54.753 +0000 UTC,**32**,click,BUTTON,,,http://localhost:5000/start_ranking/1/index_ranking/0/view,1314,331,1536,695,
2025-04-22 11:23:44.496 +0000 UTC,**32**,click,BUTTON,,,http://localhost:5000/start_ranking/1/index_ranking/0/view,1324,47,1536,695,
2025-04-22 11:23:48.728 +0000 UTC,**32**,click,BUTTON,,,http://localhost:5000/start_ranking/1/index_ranking/0/view,996,195,1536,695,
2025-04-22 11:23:55.684 +0000 UTC,**32**,click,BUTTON,,,http://localhost:5000/start_ranking/1/index_ranking/0/view,990,186,1536,695,
2025-04-22 11:23:57.455 +0000 UTC,**32**,click,BUTTON,,,http://localhost:5000/start_ranking/1/index_ranking/0/view,1322,43,1536,695,
2025-04-22 11:24:04.961 +0000 UTC,**32**,click,BUTTON,,,http://localhost:5000/start_ranking/1/index_ranking/0/view,975,59,1536,695,
2025-04-22 11:24:07.188 +0000 UTC,**32**,click,BUTTON,,,http://localhost:5000/start_ranking/1/index_ranking/0/view,1332,425,1536,695,
2025-04-22 11:24:15.801 +0000 UTC,**32**,click,BUTTON,,,http://localhost:5000/start_ranking/1/index_ranking/0/view,1000,610,1536,695,
2025-04-22 11:24:20.195 +0000 UTC,**32**,click,BUTTON,,,http://localhost:5000/start_ranking/1/index_ranking/0/view,1009,313,1536,695,
2025-04-22 11:25:36.388 +0000 UTC,**32**,click,BUTTON,,,http://localhost:5000/start_ranking/1/index_ranking/0/view,1335,160,1536,695,
2025-04-22 11:25:40.659 +0000 UTC,**32**,click,BUTTON,,,http://localhost:5000/start_ranking/1/index_ranking/0/view,996,23,1536,695,
2025-04-22 11:26:35.565 +0000 UTC,**32**,click,BUTTON,,,http://localhost:5000/start_ranking/1/index_ranking/0/view,1348,89,1536,695,
2025-04-22 11:28:19.506 +0000 UTC,**32**,click,BUTTON,,,http://localhost:5000/start_ranking/1/index_ranking/0/view,1364,393,1536,695,
2025-04-22 11:28:25.012 +0000 UTC,**32**,click,TBODY,,,http://localhost:5000/start_ranking/1/index_ranking/0/view,600,358,1536,695,
2025-04-22 11:28:25.541 +0000 UTC,**32**,click,TD,,,http://localhost:5000/start_ranking/1/index_ranking/0/view,601,354,1536,695,
2025-04-22 11:29:19.739 +0000 UTC,**32**,click,BUTTON,,,http://localhost:5000/start_ranking/1/index_ranking/0/view,1328,57,1536,695,
2025-04-22 11:29:27.988 +0000 UTC,**32**,click,BUTTON,,,http://localhost:5000/start_ranking/1/index_ranking/0/view,1292,267,1536,695,
2025-04-22 11:29:32.111 +0000 UTC,**32**,click,TR,,expandable-row-1,http://localhost:5000/start_ranking/1/index_ranking/0/view,391,240,1536,695,
2025-04-22 11:29:32.71 +0000 UTC,**32**,click,H4,,,http://localhost:5000/start_ranking/1/index_ranking/0/view,699,214,1536,695,
2025-04-22 11:29:33.865 +0000 UTC,**32**,click,TD,,,http://localhost:5000/start_ranking/1/index_ranking/0/view,1074,231,1536,695,
2025-04-22 11:29:35.973 +0000 UTC,**32**,click,TR,,expandable-row-1,http://localhost:5000/start_ranking/1/index_ranking/0/view,1390,243,1536,695,
2025-04-22 11:29:37.13 +0000 UTC,**32**,click,TR,,expandable-row-1,http://localhost:5000/start_ranking/1/index_ranking/0/view,1366,312,1536,695,
2025-04-22 11:30:25.507 +0000 UTC,**32**,click,BUTTON,,,http://localhost:5000/start_ranking/1/index_ranking/0/view,1333,94,1536,695,
2025-04-22 11:31:03.926 +0000 UTC,**32**,click,BUTTON,,,http://localhost:5000/start_ranking/1/index_ranking/0/view,1346,321,1536,695,
2025-04-22 11:33:13.588 +0000 UTC,**32**,click,BUTTON,,,http://localhost:5000/start_ranking/1/index_ranking/0/view,1345,5,1536,695,
2025-04-22 11:36:42.866 +0000 UTC,**32**,click,BUTTON,,,http://localhost:5000/start_ranking/1/index_ranking/0/view,1325,155,1536,695,
2025-04-22 11:37:10.385 +0000 UTC,**32**,click,BUTTON,,,http://localhost:5000/start_ranking/1/index_ranking/0/view,1352,157,1536,695,
2025-04-22 11:39:42.298 +0000 UTC,**32**,click,TD,,,http://localhost:5000/start_ranking/1/index_ranking/0/view,1387,148,1536,695,
2025-04-22 11:39:42.734 +0000 UTC,**32**,click,BUTTON,,,http://localhost:5000/start_ranking/1/index_ranking/0/view,1360,154,1536,695,
2025-04-22 11:39:47.653 +0000 UTC,**32**,click,TD,,,http://localhost:5000/start_ranking/1/index_ranking/0/view,1236,353,1536,695,
2025-04-22 11:41:34.281 +0000 UTC,**32**,click,BUTTON,,,http://localhost:5000/start_ranking/1/index_ranking/0/view,1345,123,1536,695,
2025-04-22 11:42:03.822 +0000 UTC,**32**,click,BUTTON,,,http://localhost:5000/start_ranking/1/index_ranking/0/view,1339,138,1536,695,
2025-04-22 11:44:38.207 +0000 UTC,**32**,click,BUTTON,,,http://localhost:5000/start_ranking/1/index_ranking/0/view,1334,531,1536,695,
2025-04-22 11:45:05.483 +0000 UTC,**32**,click,BUTTON,,,http://localhost:5000/start_ranking/1/index_ranking/0/view,1332,79,1536,695,
2025-04-22 11:52:20.224 +0000 UTC,**32**,click,BUTTON,,,http://localhost:5000/start_ranking/1/index_ranking/0/view,1320,45,1536,695,
2025-04-22 12:58:57.55 +0000 UTC,**32**,click,BUTTON,,,http://localhost:5000/start_ranking/1/index_ranking/0/view,1344,39,1536,695,
2025-04-22 13:00:37.582 +0000 UTC,**32**,click,TD,,,http://localhost:5000/start_ranking/1/index_ranking/0/view,1339,479,1536,695,
2025-04-22 13:00:38.025 +0000 UTC,**32**,click,BUTTON,,,http://localhost:5000/start_ranking/1/index_ranking/0/view,1329,461,1536,695,
2025-04-22 13:13:02.988 +0000 UTC,**32**,click,BUTTON,,,http://localhost:5000/start_ranking/1/index_ranking/0/view,1348,36,1536,695,
2025-04-22 13:13:10.613 +0000 UTC,**32**,click,BUTTON,,,http://localhost:5000/start_ranking/1/index_ranking/0/view,1134,198,1536,695,
2025-04-22 13:18:56.276 +0000 UTC,**32**,click,BUTTON,,,http://localhost:5000/start_ranking/1/index_ranking/0/view,1363,63,1536,695,
2025-04-22 13:19:01.392 +0000 UTC,**32**,click,BUTTON,,,http://localhost:5000/start_ranking/1/index_ranking/0/view,1092,356,1536,695,
2025-04-22 13:19:02.547 +0000 UTC,**32**,click,BUTTON,,,http://localhost:5000/start_ranking/1/index_ranking/0/view,1319,78,1536,695,
2025-04-22 13:19:53.62 +0000 UTC,**33**,click,BUTTON,,,http://localhost:5000/start_ranking/1/index_ranking/0/view,1329,417,1536,695,
2025-04-22 13:20:02.591 +0000 UTC,**33**,click,BUTTON,,,http://localhost:5000/start_ranking/1/index_ranking/0/view,1096,253,1536,695,
2025-04-22 13:20:04.528 +0000 UTC,**33**,click,BUTTON,,,http://localhost:5000/start_ranking/1/index_ranking/0/view,1348,97,1536,695,
2025-04-22 13:21:41.551 +0000 UTC,**34**,click,BUTTON,,,http://localhost:5000/start_ranking/1/index_ranking/1/view,1352,441,1536,695,
2025-04-22 13:22:13.227 +0000 UTC,**34**,click,BUTTON,,,http://localhost:5000/start_ranking/1/index_ranking/1/view,1340,335,1536,695,
2025-04-22 13:22:17.009 +0000 UTC,**34**,click,BUTTON,,,http://localhost:5000/start_ranking/1/index_ranking/1/view,1345,429,1536,695,
2025-04-22 13:22:21.724 +0000 UTC,**34**,click,BUTTON,,,http://localhost:5000/start_ranking/1/index_ranking/1/view,1341,603,1536,695,
2025-04-22 13:26:48.876 +0000 UTC,**34**,click,BUTTON,,,http://localhost:5000/start_ranking/1/index_ranking/0/view,1360,246,1536,695,
2025-04-22 13:27:20.435 +0000 UTC,**34**,click,BUTTON,,,http://localhost:5000/start_ranking/1/index_ranking/0/view,1110,436,1536,695,
2025-04-22 13:27:21.779 +0000 UTC,**34**,click,BUTTON,,,http://localhost:5000/start_ranking/1/index_ranking/0/view,1336,166,1536,695,
2025-04-22 13:40:44.176 +0000 UTC,**34**,click,BUTTON,,,http://localhost:5000/start_ranking/1/index_ranking/0/view,1328,153,1536,695,
2025-04-22 13:59:29.252 +0000 UTC,**34**,click,BUTTON,,,http://localhost:5000/start_ranking/1/index_ranking/0/view,1352,509,1536,695,
2025-04-22 13:59:32.738 +0000 UTC,**34**,click,BUTTON,,,http://localhost:5000/start_ranking/1/index_ranking/0/view,1083,190,1536,695,
2025-04-22 13:59:34.392 +0000 UTC,**34**,click,BUTTON,,,http://localhost:5000/start_ranking/1/index_ranking/0/view,1323,381,1536,695,
2025-04-22 13:59:36.226 +0000 UTC,**34**,click,BUTTON,,,http://localhost:5000/start_ranking/1/index_ranking/0/view,1054,399,1536,695,
2025-04-22 13:59:37.293 +0000 UTC,**34**,click,BUTTON,,,http://localhost:5000/start_ranking/1/index_ranking/0/view,1320,117,1536,695,
2025-04-22 14:01:55.1 +0000 UTC,**34**,click,BUTTON,,,http://localhost:5000/start_ranking/1/index_ranking/0/view,1324,295,1536,695,
2025-04-23 08:26:39.784 +0000 UTC,**37**,click,BUTTON,,,http://localhost:5000/start_ranking/1/index_ranking/1/view,1328,467,1536,695,
2025-04-23 08:26:42.72 +0000 UTC,**37**,click,BUTTON,,,http://localhost:5000/start_ranking/1/index_ranking/1/view,1056,375,1536,695,
2025-04-23 08:26:43.814 +0000 UTC,**37**,click,BUTTON,,,http://localhost:5000/start_ranking/1/index_ranking/1/view,1336,126,1536,695,
2025-04-23 08:26:44.908 +0000 UTC,**37**,click,BUTTON,,,http://localhost:5000/start_ranking/1/index_ranking/1/view,1065,377,1536,695,
2025-04-23 08:28:53.003 +0000 UTC,**37**,click,BUTTON,,,http://localhost:5000/start_ranking/1/index_ranking/1/view,1355,121,1536,695,
2025-04-23 08:28:54.936 +0000 UTC,**37**,click,BUTTON,,,http://localhost:5000/start_ranking/1/index_ranking/1/view,1066,369,1536,695,
2025-04-23 08:28:56.111 +0000 UTC,**37**,click,BUTTON,,,http://localhost:5000/start_ranking/1/index_ranking/1/view,1317,123,1536,695,
2025-04-23 08:28:57.558 +0000 UTC,**37**,click,DIV,,,http://localhost:5000/start_ranking/1/index_ranking/1/view,1224,454,1536,695,
2025-04-23 08:28:57.897 +0000 UTC,**37**,click,DIV,,,http://localhost:5000/start_ranking/1/index_ranking/1/view,1224,454,1536,695,
2025-04-23 08:31:29.622 +0000 UTC,**37**,click,BUTTON,,,http://localhost:5000/start_ranking/1/index_ranking/1/view,1348,125,1536,695,
2025-04-23 08:31:30.94 +0000 UTC,**37**,click,TD,,,http://localhost:5000/start_ranking/1/index_ranking/1/view,1116,390,1536,695,
2025-04-23 08:31:31.792 +0000 UTC,**37**,click,BUTTON,,,http://localhost:5000/start_ranking/1/index_ranking/1/view,1030,376,1536,695,
2025-04-23 08:31:32.761 +0000 UTC,**37**,click,BUTTON,,,http://localhost:5000/start_ranking/1/index_ranking/1/view,1344,99,1536,695,
2025-04-23 08:36:59.689 +0000 UTC,**37**,click,BUTTON,,,http://localhost:5000/start_ranking/1/index_ranking/1/view,1356,55,1536,695,
2025-04-23 08:37:02.2 +0000 UTC,**37**,click,BUTTON,,,http://localhost:5000/start_ranking/1/index_ranking/1/view,975,68,1536,695,
2025-04-23 08:37:03.514 +0000 UTC,**37**,click,BUTTON,,,http://localhost:5000/start_ranking/1/index_ranking/1/view,1322,60,1536,695,
2025-04-23 08:37:04.706 +0000 UTC,**37**,click,BUTTON,,,http://localhost:5000/start_ranking/1/index_ranking/1/view,1075,331,1536,695,
2025-04-23 08:37:06.222 +0000 UTC,**37**,click,BUTTON,,,http://localhost:5000/start_ranking/1/index_ranking/1/view,1064,335,1536,695,
2025-04-23 08:37:06.481 +0000 UTC,**37**,click,BUTTON,,,http://localhost:5000/start_ranking/1/index_ranking/1/view,1064,335,1536,695,
2025-04-23 08:37:07.165 +0000 UTC,**37**,click,BUTTON,,,http://localhost:5000/start_ranking/1/index_ranking/1/view,1062,333,1536,695,
2025-04-23 08:37:07.65 +0000 UTC,**37**,click,BUTTON,,,http://localhost:5000/start_ranking/1/index_ranking/1/view,1062,333,1536,695,
2025-04-23 08:37:13.268 +0000 UTC,**37**,click,BUTTON,,,http://localhost:5000/start_ranking/1/index_ranking/1/view,1027,325,1536,695,
2025-04-23 08:37:14.4 +0000 UTC,**37**,click,BUTTON,,,http://localhost:5000/start_ranking/1/index_ranking/1/view,988,81,1536,695,
2025-04-23 08:37:15.476 +0000 UTC,**37**,click,BUTTON,,,http://localhost:5000/start_ranking/1/index_ranking/1/view,1326,61,1536,695,
2025-04-23 08:37:16.655 +0000 UTC,**37**,click,TD,,,http://localhost:5000/start_ranking/1/index_ranking/1/view,1097,322,1536,695,
2025-04-23 08:37:17.171 +0000 UTC,**37**,click,BUTTON,,,http://localhost:5000/start_ranking/1/index_ranking/1/view,1084,335,1536,695,
2025-04-23 08:39:23.825 +0000 UTC,**37**,click,BUTTON,,,http://localhost:5000/start_ranking/1/index_ranking/1/view,1333,78,1536,695,
2025-04-23 08:39:25.062 +0000 UTC,**37**,click,BUTTON,,,http://localhost:5000/start_ranking/1/index_ranking/1/view,1059,319,1536,695,
2025-04-23 08:39:26.2 +0000 UTC,**37**,click,BUTTON,,,http://localhost:5000/start_ranking/1/index_ranking/1/view,1021,316,1536,695,
2025-04-23 08:39:26.847 +0000 UTC,**37**,click,BUTTON,,,http://localhost:5000/start_ranking/1/index_ranking/1/view,1022,315,1536,695,
2025-04-23 08:39:28.233 +0000 UTC,**37**,click,BUTTON,,,http://localhost:5000/start_ranking/1/index_ranking/1/view,1020,319,1536,695,
2025-04-23 08:39:30.524 +0000 UTC,**37**,click,BUTTON,,,http://localhost:5000/start_ranking/1/index_ranking/1/view,1027,318,1536,695,
2025-04-23 08:39:30.903 +0000 UTC,**37**,click,BUTTON,,,http://localhost:5000/start_ranking/1/index_ranking/1/view,1027,318,1536,695,
2025-04-23 08:39:33.153 +0000 UTC,**37**,click,TR,,expandable-row-1,http://localhost:5000/start_ranking/1/index_ranking/1/view,1176,324,1536,695,
2025-04-23 08:39:50.305 +0000 UTC,**37**,click,TD,,,http://localhost:5000/start_ranking/1/index_ranking/1/view,1120,485,1536,695,
2025-04-23 08:41:12.829 +0000 UTC,**37**,click,BUTTON,,,http://localhost:5000/start_ranking/1/index_ranking/1/view,1321,83,1536,695,
2025-04-23 08:41:14.971 +0000 UTC,**37**,click,BUTTON,,,http://localhost:5000/start_ranking/1/index_ranking/1/view,474,337,1536,695,
2025-04-23 08:41:15.615 +0000 UTC,**37**,click,BUTTON,,,http://localhost:5000/start_ranking/1/index_ranking/1/view,504,333,1536,695,
2025-04-23 08:41:15.947 +0000 UTC,**37**,click,BUTTON,,,http://localhost:5000/start_ranking/1/index_ranking/1/view,504,333,1536,695,
2025-04-23 08:44:28.046 +0000 UTC,**37**,click,BUTTON,,,http://localhost:5000/start_ranking/1/index_ranking/1/view,1321,190,1536,695,
2025-04-23 08:45:00.461 +0000 UTC,**37**,click,BUTTON,,,http://localhost:5000/start_ranking/1/index_ranking/1/view,1338,119,1536,695,
2025-04-23 08:45:02.935 +0000 UTC,**37**,click,BUTTON,,,http://localhost:5000/start_ranking/1/index_ranking/1/view,544,327,1536,695,
2025-04-23 08:45:03.794 +0000 UTC,**37**,click,BUTTON,,,http://localhost:5000/start_ranking/1/index_ranking/1/view,564,325,1536,695,
2025-04-23 08:45:04.595 +0000 UTC,**37**,click,BUTTON,,,http://localhost:5000/start_ranking/1/index_ranking/1/view,553,315,1536,695,
2025-04-23 08:45:45.261 +0000 UTC,**37**,click,BUTTON,,,http://localhost:5000/start_ranking/1/index_ranking/1/view,492,320,1536,695,
2025-04-23 08:46:11.718 +0000 UTC,**37**,click,TD,,,http://localhost:5000/start_ranking/1/index_ranking/1/view,1300,119,1536,695,
2025-04-23 08:46:12.253 +0000 UTC,**37**,click,BUTTON,,,http://localhost:5000/start_ranking/1/index_ranking/1/view,1310,123,1536,695,
2025-04-23 08:48:21.423 +0000 UTC,**37**,click,BUTTON,,,http://localhost:5000/start_ranking/1/index_ranking/1/view,1348,130,1536,695,
2025-04-23 08:48:23.552 +0000 UTC,**37**,click,TD,,,http://localhost:5000/start_ranking/1/index_ranking/1/view,923,309,1536,695,
2025-04-23 08:48:24.065 +0000 UTC,**37**,click,TD,,,http://localhost:5000/start_ranking/1/index_ranking/1/view,978,328,1536,695,
2025-04-23 08:48:24.769 +0000 UTC,**37**,click,TD,,,http://localhost:5000/start_ranking/1/index_ranking/1/view,574,339,1536,695,
2025-04-23 08:48:25.282 +0000 UTC,**37**,click,BUTTON,,,http://localhost:5000/start_ranking/1/index_ranking/1/view,559,333,1536,695,
2025-04-23 08:48:44.131 +0000 UTC,**37**,click,BUTTON,,,http://localhost:5000/start_ranking/1/index_ranking/1/view,1329,128,1536,695,
2025-04-23 08:48:58.998 +0000 UTC,**37**,click,BUTTON,,,http://localhost:5000/start_ranking/1/index_ranking/1/view,1367,122,1536,695,
2025-04-23 08:49:01.124 +0000 UTC,**37**,click,TD,,,http://localhost:5000/start_ranking/1/index_ranking/1/view,449,415,1536,695,
2025-04-23 08:49:01.813 +0000 UTC,**37**,click,BUTTON,,,http://localhost:5000/start_ranking/1/index_ranking/1/view,480,375,1536,695,
2025-04-23 08:49:02.362 +0000 UTC,**37**,click,BUTTON,,,http://localhost:5000/start_ranking/1/index_ranking/1/view,480,375,1536,695,
2025-04-23 08:49:18.735 +0000 UTC,**37**,click,BUTTON,,,http://localhost:5000/start_ranking/1/index_ranking/1/view,1318,124,1536,695,
2025-04-23 08:49:20.541 +0000 UTC,**37**,click,BUTTON,,,http://localhost:5000/start_ranking/1/index_ranking/1/view,1049,377,1536,695,
2025-04-23 08:49:49.981 +0000 UTC,**37**,click,BUTTON,,,http://localhost:5000/start_ranking/1/index_ranking/1/view,1336,147,1536,695,
2025-04-23 08:49:51.489 +0000 UTC,**37**,click,BUTTON,,,http://localhost:5000/start_ranking/1/index_ranking/1/view,1019,378,1536,695,
2025-04-23 08:51:37.261 +0000 UTC,**37**,click,BUTTON,,,http://localhost:5000/start_ranking/1/index_ranking/1/view,1336,127,1536,695,
2025-04-23 08:51:39.012 +0000 UTC,**37**,click,BUTTON,,,http://localhost:5000/start_ranking/1/index_ranking/1/view,1044,379,1536,695,
2025-04-23 09:10:42.036 +0000 UTC,**37**,click,BUTTON,,,http://localhost:5000/start_ranking/1/index_ranking/1/view,1326,159,1536,695,
2025-04-23 09:10:43.595 +0000 UTC,**37**,click,BUTTON,,,http://localhost:5000/start_ranking/1/index_ranking/1/view,1051,386,1536,695,
2025-04-23 09:10:44.994 +0000 UTC,**37**,click,TD,,,http://localhost:5000/start_ranking/1/index_ranking/1/view,1287,295,1536,695,
2025-04-23 09:10:45.892 +0000 UTC,**37**,click,TD,,,http://localhost:5000/start_ranking/1/index_ranking/1/view,1192,275,1536,695,
2025-04-23 09:10:47.38 +0000 UTC,**37**,click,TR,,expandable-row-1,http://localhost:5000/start_ranking/1/index_ranking/1/view,1186,527,1536,695,
2025-04-23 09:10:47.74 +0000 UTC,**37**,click,TD,,,http://localhost:5000/start_ranking/1/index_ranking/1/view,1186,527,1536,695,
2025-04-23 09:13:03.376 +0000 UTC,**37**,click,BUTTON,,,http://localhost:5000/start_ranking/1/index_ranking/1/view,1319,143,1536,695,
2025-04-23 09:13:06.631 +0000 UTC,**37**,click,TR,,expandable-row-1,http://localhost:5000/start_ranking/1/index_ranking/1/view,184,294,1536,695,
2025-04-23 09:13:09.367 +0000 UTC,**37**,click,BUTTON,,,http://localhost:5000/start_ranking/1/index_ranking/1/view,995,407,1536,695,
2025-04-23 09:13:45.96 +0000 UTC,**37**,click,BUTTON,,,http://localhost:5000/start_ranking/1/index_ranking/1/view,1323,154,1536,695,
2025-04-23 09:13:47.365 +0000 UTC,**37**,click,BUTTON,,,http://localhost:5000/start_ranking/1/index_ranking/1/view,1041,300,1536,695,
2025-04-23 09:13:51.367 +0000 UTC,**37**,click,BUTTON,,,http://localhost:5000/start_ranking/1/index_ranking/1/view,1356,66,1536,695,
2025-04-23 09:14:58.329 +0000 UTC,**37**,click,TD,,,http://localhost:5000/start_ranking/1/index_ranking/1/view,1329,75,1536,695,
2025-04-23 09:14:58.866 +0000 UTC,**37**,click,BUTTON,,,http://localhost:5000/start_ranking/1/index_ranking/1/view,1332,64,1536,695,
2025-04-23 09:15:00.012 +0000 UTC,**37**,click,BUTTON,,,http://localhost:5000/start_ranking/1/index_ranking/1/view,1065,290,1536,695,
2025-04-23 09:15:00.974 +0000 UTC,**37**,click,BUTTON,,,http://localhost:5000/start_ranking/1/index_ranking/1/view,1335,39,1536,695,
2025-04-23 09:17:04.121 +0000 UTC,**37**,click,BUTTON,,,http://localhost:5000/start_ranking/1/index_ranking/1/view,1330,43,1536,695,
2025-04-23 09:20:34.692 +0000 UTC,**37**,click,BUTTON,,,http://localhost:5000/start_ranking/1/index_ranking/1/view,1333,101,1536,695,
2025-04-23 09:20:36.592 +0000 UTC,**37**,click,BUTTON,,,http://localhost:5000/start_ranking/1/index_ranking/1/view,1036,258,1536,695,
2025-04-23 09:20:38.709 +0000 UTC,**37**,click,BUTTON,,,http://localhost:5000/start_ranking/1/index_ranking/1/view,1328,320,1536,695,
2025-04-23 09:23:29.81 +0000 UTC,**37**,click,BUTTON,,,http://localhost:5000/start_ranking/1/index_ranking/1/view,1328,75,1536,695,
2025-04-23 09:23:31.567 +0000 UTC,**37**,click,BUTTON,,,http://localhost:5000/start_ranking/1/index_ranking/1/view,1004,294,1536,695,
2025-04-23 09:23:32.715 +0000 UTC,**37**,click,BUTTON,,,http://localhost:5000/start_ranking/1/index_ranking/1/view,1350,71,1536,695,
2025-04-23 09:23:40.868 +0000 UTC,**37**,click,BUTTON,,,http://localhost:5000/start_ranking/1/index_ranking/1/view,1033,283,1536,695,
2025-04-23 09:23:42.082 +0000 UTC,**37**,click,BUTTON,,,http://localhost:5000/start_ranking/1/index_ranking/1/view,1340,55,1536,695,
2025-04-23 09:23:57.923 +0000 UTC,**37**,click,BUTTON,,,http://localhost:5000/start_ranking/1/index_ranking/1/view,1331,70,1536,695,
2025-04-23 09:23:59.413 +0000 UTC,**37**,click,BUTTON,,,http://localhost:5000/start_ranking/1/index_ranking/1/view,1068,327,1536,695,
2025-04-23 09:24:00.539 +0000 UTC,**37**,click,BUTTON,,,http://localhost:5000/start_ranking/1/index_ranking/1/view,1326,86,1536,695,
2025-04-23 09:24:10.925 +0000 UTC,**37**,click,TD,,,http://localhost:5000/start_ranking/1/index_ranking/1/view,943,282,1536,695,
2025-04-23 09:24:11.957 +0000 UTC,**37**,click,TD,,,http://localhost:5000/start_ranking/1/index_ranking/1/view,881,273,1536,695,
2025-04-23 09:24:12.465 +0000 UTC,**37**,click,TD,,,http://localhost:5000/start_ranking/1/index_ranking/1/view,881,273,1536,695,
2025-04-23 09:24:14.181 +0000 UTC,**37**,click,TD,,,http://localhost:5000/start_ranking/1/index_ranking/1/view,881,273,1536,695,
2025-04-23 09:25:05.993 +0000 UTC,**37**,click,BUTTON,,,http://localhost:5000/start_ranking/1/index_ranking/1/view,1343,63,1536,695,
2025-04-23 09:25:07.308 +0000 UTC,**37**,click,BUTTON,,,http://localhost:5000/start_ranking/1/index_ranking/1/view,1051,317,1536,695,
2025-04-23 09:25:08.434 +0000 UTC,**37**,click,BUTTON,,,http://localhost:5000/start_ranking/1/index_ranking/1/view,1352,70,1536,695,
2025-04-23 09:25:58.116 +0000 UTC,**37**,click,BUTTON,,,http://localhost:5000/start_ranking/1/index_ranking/1/view,1320,83,1536,695,
2025-04-23 09:25:59.108 +0000 UTC,**37**,click,TD,,,http://localhost:5000/start_ranking/1/index_ranking/1/view,1087,318,1536,695,
2025-04-23 09:25:59.917 +0000 UTC,**37**,click,BUTTON,,,http://localhost:5000/start_ranking/1/index_ranking/1/view,1081,331,1536,695,
2025-04-23 09:31:51.283 +0000 UTC,**37**,click,BUTTON,,,http://localhost:5000/start_ranking/1/index_ranking/1/view,1339,74,1536,695,
2025-04-23 09:31:57.699 +0000 UTC,**37**,click,TD,,,http://localhost:5000/start_ranking/1/index_ranking/1/view,1057,345,1536,695,
2025-04-23 09:32:07.589 +0000 UTC,**37**,click,BUTTON,,,http://localhost:5000/start_ranking/1/index_ranking/1/view,1072,338,1536,695,
2025-04-23 09:32:09.714 +0000 UTC,**37**,click,BUTTON,,,http://localhost:5000/start_ranking/1/index_ranking/1/view,1341,66,1536,695,
2025-04-23 09:37:43.728 +0000 UTC,**37**,click,BUTTON,,,http://localhost:5000/start_ranking/1/index_ranking/1/view,1343,83,1536,695,
2025-04-23 09:37:45.368 +0000 UTC,**37**,click,BUTTON,,,http://localhost:5000/start_ranking/1/index_ranking/1/view,1049,337,1536,695,
2025-04-23 09:37:46.632 +0000 UTC,**37**,click,BUTTON,,,http://localhost:5000/start_ranking/1/index_ranking/1/view,1342,71,1536,695,
2025-04-23 09:37:49.762 +0000 UTC,**37**,click,BUTTON,,,http://localhost:5000/start_ranking/1/index_ranking/1/view,1034,283,1536,695,
2025-04-23 09:38:40.733 +0000 UTC,**35**,click,TD,,,http://localhost:5000/start_ranking/1/index_ranking/1/view,1345,276,1536,695,
2025-04-23 09:38:41.289 +0000 UTC,**35**,click,BUTTON,,,http://localhost:5000/start_ranking/1/index_ranking/1/view,1348,289,1536,695,
2025-04-23 09:38:42.8 +0000 UTC,**35**,click,BUTTON,,,http://localhost:5000/start_ranking/1/index_ranking/1/view,1068,550,1536,695,
2025-04-23 09:38:44.045 +0000 UTC,**35**,click,BUTTON,,,http://localhost:5000/start_ranking/1/index_ranking/1/view,1313,307,1536,695,
2025-04-23 09:43:09.039 +0000 UTC,**35**,click,BUTTON,,,http://localhost:5000/start_ranking/1/index_ranking/1/view,1352,67,1536,695,
2025-04-23 09:44:07.733 +0000 UTC,**35**,click,BUTTON,,,http://localhost:5000/start_ranking/1/index_ranking/1/view,1322,58,1536,695,
2025-04-23 09:44:30.762 +0000 UTC,**35**,click,BUTTON,,,http://localhost:5000/start_ranking/1/index_ranking/1/view,1333,47,1536,695,
2025-04-23 09:44:38.967 +0000 UTC,**35**,click,BUTTON,,,http://localhost:5000/start_ranking/1/index_ranking/1/view,1191,88,1536,695,
2025-04-23 09:48:16.547 +0000 UTC,**35**,click,BUTTON,,,http://localhost:5000/start_ranking/1/index_ranking/1/view,1341,192,1536,695,
2025-04-23 09:50:01.781 +0000 UTC,**35**,click,BUTTON,,,http://localhost:5000/start_ranking/1/index_ranking/1/view,1320,170,1536,695,
2025-04-23 09:50:03.711 +0000 UTC,**35**,click,BUTTON,,,http://localhost:5000/start_ranking/1/index_ranking/1/view,1037,312,1536,695,
2025-04-23 09:50:06.555 +0000 UTC,**35**,click,BUTTON,,,http://localhost:5000/start_ranking/1/index_ranking/1/view,1325,63,1536,695,
2025-04-23 09:50:08.607 +0000 UTC,**35**,click,IMG,,,http://localhost:5000/start_ranking/1/index_ranking/1/view,1183,247,1536,695,
2025-04-23 09:50:16.462 +0000 UTC,**35**,click,HTML,,,http://localhost:5000/start_ranking/1/index_ranking/1/view,1076,696,1536,695,
2025-04-23 09:50:17.811 +0000 UTC,**35**,click,TABLE,,data-body,http://localhost:5000/start_ranking/1/index_ranking/1/view,1265,219,1536,695,
2025-04-23 09:53:45.361 +0000 UTC,**35**,click,BUTTON,,,http://localhost:5000/start_ranking/1/index_ranking/1/view,1339,150,1536,695,
2025-04-23 09:53:47.645 +0000 UTC,**35**,click,BUTTON,,,http://localhost:5000/start_ranking/1/index_ranking/1/view,1062,374,1536,695,
2025-04-23 09:53:48.686 +0000 UTC,**35**,click,BUTTON,,,http://localhost:5000/start_ranking/1/index_ranking/1/view,1348,156,1536,695,
2025-04-23 09:54:13.704 +0000 UTC,**35**,click,BUTTON,,,http://localhost:5000/start_ranking/1/index_ranking/1/view,1326,163,1536,695,
2025-04-23 09:54:16.112 +0000 UTC,**35**,click,BUTTON,,,http://localhost:5000/start_ranking/1/index_ranking/1/view,1024,415,1536,695,
2025-04-23 09:54:46.485 +0000 UTC,**35**,click,BUTTON,,,http://localhost:5000/start_ranking/1/index_ranking/1/view,1328,171,1536,695,
2025-04-23 09:54:47.49 +0000 UTC,**35**,click,TD,,,http://localhost:5000/start_ranking/1/index_ranking/1/view,1036,401,1536,695,
2025-04-23 09:54:48.594 +0000 UTC,**35**,click,BUTTON,,,http://localhost:5000/start_ranking/1/index_ranking/1/view,1080,411,1536,695,
2025-04-23 09:54:49.655 +0000 UTC,**35**,click,BUTTON,,,http://localhost:5000/start_ranking/1/index_ranking/1/view,1312,165,1536,695,
2025-04-23 10:00:31.603 +0000 UTC,**35**,click,BUTTON,,,http://localhost:5000/start_ranking/1/index_ranking/1/view,1358,172,1536,695,
2025-04-23 10:00:33.458 +0000 UTC,**35**,click,BUTTON,,,http://localhost:5000/start_ranking/1/index_ranking/1/view,1049,416,1536,695,
2025-04-23 10:00:34.738 +0000 UTC,**35**,click,BUTTON,,,http://localhost:5000/start_ranking/1/index_ranking/1/view,1320,167,1536,695,
2025-04-23 10:01:08.437 +0000 UTC,**35**,click,BUTTON,,,http://localhost:5000/start_ranking/1/index_ranking/1/view,1354,75,1536,695,
2025-04-23 10:01:11.305 +0000 UTC,**35**,click,BUTTON,,,http://localhost:5000/start_ranking/1/index_ranking/1/view,980,367,1536,695,
2025-04-23 10:01:13.399 +0000 UTC,**35**,click,BUTTON,,,http://localhost:5000/start_ranking/1/index_ranking/1/view,1061,343,1536,695,
2025-04-23 10:01:15.241 +0000 UTC,**35**,click,BUTTON,,,http://localhost:5000/start_ranking/1/index_ranking/1/view,1348,93,1536,695,
2025-04-23 10:09:04.192 +0000 UTC,**35**,click,BUTTON,,,http://localhost:5000/start_ranking/1/index_ranking/1/view,1349,110,1536,695,
2025-04-23 10:09:05.572 +0000 UTC,**35**,click,BUTTON,,,http://localhost:5000/start_ranking/1/index_ranking/1/view,1348,95,1536,695,
2025-04-23 10:09:06.838 +0000 UTC,**35**,click,BUTTON,,,http://localhost:5000/start_ranking/1/index_ranking/1/view,1353,79,1536,695,
2025-04-23 10:09:11.184 +0000 UTC,**35**,click,BUTTON,,,http://localhost:5000/start_ranking/1/index_ranking/1/view,1343,163,1536,695,
2025-04-23 10:10:52.985 +0000 UTC,**35**,click,BUTTON,,,http://localhost:5000/start_ranking/1/index_ranking/1/view,1370,80,1536,695,
2025-04-23 10:10:53.802 +0000 UTC,**35**,click,BUTTON,,,http://localhost:5000/start_ranking/1/index_ranking/1/view,1335,97,1536,695,
2025-04-23 10:10:54.927 +0000 UTC,**35**,click,BUTTON,,,http://localhost:5000/start_ranking/1/index_ranking/1/view,1335,97,1536,695,
2025-04-23 10:13:54.668 +0000 UTC,**35**,click,BUTTON,,,http://localhost:5000/start_ranking/1/index_ranking/1/view,1339,97,1536,695,
2025-04-23 10:17:36.273 +0000 UTC,**35**,click,TD,,,http://localhost:5000/start_ranking/1/index_ranking/1/view,1360,59,1536,695,
2025-04-23 10:17:36.787 +0000 UTC,**35**,click,BUTTON,,,http://localhost:5000/start_ranking/1/index_ranking/1/view,1354,72,1536,695,
2025-04-23 10:18:56.009 +0000 UTC,**35**,click,BUTTON,,,http://localhost:5000/start_ranking/1/index_ranking/1/view,1352,75,1536,695,
2025-04-23 10:18:57.269 +0000 UTC,**35**,click,TD,,,http://localhost:5000/start_ranking/1/index_ranking/1/view,897,363,1536,695,
2025-04-23 10:18:57.71 +0000 UTC,**35**,click,TD,,,http://localhost:5000/start_ranking/1/index_ranking/1/view,897,360,1536,695,
2025-04-23 10:18:58.289 +0000 UTC,**35**,click,BUTTON,,,http://localhost:5000/start_ranking/1/index_ranking/1/view,896,346,1536,695,
2025-04-23 10:18:59.47 +0000 UTC,**35**,click,BUTTON,,,http://localhost:5000/start_ranking/1/index_ranking/1/view,978,115,1536,695,
2025-04-23 10:19:00.791 +0000 UTC,**35**,click,BUTTON,,,http://localhost:5000/start_ranking/1/index_ranking/1/view,1348,97,1536,695,
2025-04-23 10:19:52.534 +0000 UTC,**38**,click,BUTTON,,,http://localhost:5000/start_ranking/1/index_ranking/0/view,1340,232,1536,695,
2025-04-23 10:19:54.219 +0000 UTC,**38**,click,BUTTON,,,http://localhost:5000/start_ranking/1/index_ranking/0/view,1071,353,1536,695,
2025-04-23 10:19:55.309 +0000 UTC,**38**,click,BUTTON,,,http://localhost:5000/start_ranking/1/index_ranking/0/view,1321,79,1536,695,
2025-04-23 10:21:42.807 +0000 UTC,**38**,click,BUTTON,,,http://localhost:5000/start_ranking/1/index_ranking/0/view,1344,88,1536,695,
2025-04-23 10:21:45.522 +0000 UTC,**38**,click,BUTTON,,,http://localhost:5000/start_ranking/1/index_ranking/0/view,1112,361,1536,695,
2025-04-23 10:21:46.505 +0000 UTC,**38**,click,BUTTON,,,http://localhost:5000/start_ranking/1/index_ranking/0/view,1329,90,1536,695,
